E:\VS2010_Code\ImageSegmentation\ImageSegmentation\Release\cl.command.1.tlog
E:\VS2010_Code\ImageSegmentation\ImageSegmentation\Release\CL.read.1.tlog
E:\VS2010_Code\ImageSegmentation\ImageSegmentation\Release\CL.write.1.tlog
E:\VS2010_CODE\IMAGESEGMENTATION\IMAGESEGMENTATION\RELEASE\CVVIMAGE.OBJ
E:\VS2010_CODE\IMAGESEGMENTATION\IMAGESEGMENTATION\RELEASE\IMAGESEGMENTATION.EXE.INTERMEDIATE.MANIFEST
E:\VS2010_CODE\IMAGESEGMENTATION\IMAGESEGMENTATION\RELEASE\IMAGESEGMENTATION.OBJ
E:\VS2010_CODE\IMAGESEGMENTATION\IMAGESEGMENTATION\RELEASE\IMAGESEGMENTATION.PCH
E:\VS2010_CODE\IMAGESEGMENTATION\IMAGESEGMENTATION\RELEASE\IMAGESEGMENTATION.RES
E:\VS2010_Code\ImageSegmentation\ImageSegmentation\Release\ImageSegmentation.write.1.tlog
E:\VS2010_CODE\IMAGESEGMENTATION\IMAGESEGMENTATION\RELEASE\IMAGESEGMENTATIONDLG.OBJ
E:\VS2010_Code\ImageSegmentation\ImageSegmentation\Release\link.command.1.tlog
E:\VS2010_Code\ImageSegmentation\ImageSegmentation\Release\link.read.1.tlog
E:\VS2010_Code\ImageSegmentation\ImageSegmentation\Release\link.write.1.tlog
E:\VS2010_Code\ImageSegmentation\ImageSegmentation\Release\link-cvtres.read.1.tlog
E:\VS2010_Code\ImageSegmentation\ImageSegmentation\Release\link-cvtres.write.1.tlog
E:\VS2010_Code\ImageSegmentation\ImageSegmentation\Release\mt.command.1.tlog
E:\VS2010_Code\ImageSegmentation\ImageSegmentation\Release\mt.read.1.tlog
E:\VS2010_Code\ImageSegmentation\ImageSegmentation\Release\mt.write.1.tlog
E:\VS2010_Code\ImageSegmentation\ImageSegmentation\Release\rc.command.1.tlog
E:\VS2010_Code\ImageSegmentation\ImageSegmentation\Release\rc.read.1.tlog
E:\VS2010_Code\ImageSegmentation\ImageSegmentation\Release\rc.write.1.tlog
E:\VS2010_CODE\IMAGESEGMENTATION\IMAGESEGMENTATION\RELEASE\STDAFX.OBJ
E:\VS2010_CODE\IMAGESEGMENTATION\IMAGESEGMENTATION\RELEASE\VC100.PDB
E:\VS2010_CODE\IMAGESEGMENTATION\RELEASE\IMAGESEGMENTATION.EXE
E:\VS2010_CODE\IMAGESEGMENTATION\RELEASE\IMAGESEGMENTATION.PDB
