生成启动时间为 2017/12/29 13:52:08。
     1>项目“E:\VS2010_Code\ImageSegmentation\ImageSegmentation\ImageSegmentation.vcxproj”在节点 2 上(build 个目标)。
     1>InitializeBuildStatus:
         正在创建“Release\ImageSegmentation.unsuccessfulbuild”，因为已指定“AlwaysCreate”。
       ClCompile:
         所有输出均为最新。
         C:\Program Files (x86)\Microsoft Visual Studio 10.0\VC\bin\CL.exe /c /Zi /nologo /W3 /WX- /O2 /Oi /Oy- /GL /D WIN32 /D _WINDOWS /D NDEBUG /D _MBCS /D _AFXDLL /Gm- /EHsc /MD /GS /Gy /fp:precise /Zc:wchar_t /Zc:forScope /Fo"Release\\" /Fd"Release\vc100.pdb" /Gd /TP /analyze- /errorReport:prompt CImgProcess.cpp
         CImgProcess.cpp
     1>CImgProcess.cpp(60): warning C4018: “<”: 有符号/无符号不匹配
     1>CImgProcess.cpp(101): warning C4018: “<”: 有符号/无符号不匹配
     1>CImgProcess.cpp(354): warning C4018: “<”: 有符号/无符号不匹配
     1>CImgProcess.cpp(380): warning C4018: “<”: 有符号/无符号不匹配
     1>CImgProcess.cpp(388): warning C4018: “<”: 有符号/无符号不匹配
     1>CImgProcess.cpp(411): warning C4018: “<”: 有符号/无符号不匹配
       ResourceCompile:
         所有输出均为最新。
       Link:
         C:\Program Files (x86)\Microsoft Visual Studio 10.0\VC\bin\link.exe /ERRORREPORT:PROMPT /OUT:"E:\VS2010_Code\ImageSegmentation\Release\ImageSegmentation.exe" /INCREMENTAL:NO /NOLOGO opencv_calib3d2410.lib opencv_contrib2410.lib opencv_core2410.lib opencv_features2d2410.lib opencv_flann2410.lib opencv_gpu2410.lib opencv_highgui2410.lib opencv_imgproc2410.lib opencv_legacy2410.lib opencv_ml2410.lib opencv_nonfree2410.lib opencv_objdetect2410.lib opencv_ocl2410.lib opencv_photo2410.lib opencv_stitching2410.lib opencv_superres2410.lib opencv_ts2410.lib opencv_video2410.lib opencv_videostab2410.lib /MANIFEST /ManifestFile:"Release\ImageSegmentation.exe.intermediate.manifest" /MANIFESTUAC:"level='asInvoker' uiAccess='false'" /DEBUG /PDB:"E:\VS2010_Code\ImageSegmentation\Release\ImageSegmentation.pdb" /SUBSYSTEM:WINDOWS /OPT:REF /OPT:ICF /LTCG /TLBID:1 /DYNAMICBASE /NXCOMPAT /IMPLIB:"E:\VS2010_Code\ImageSegmentation\Release\ImageSegmentation.lib" /MACHINE:X86 Release\ImageSegmentation.res
         Release\CImgProcess.obj
         Release\CvvImage.obj
         Release\ImageSegmentation.obj
         Release\ImageSegmentationDlg.obj
         Release\stdafx.obj
         正在生成代码
     1>e:\vs2010_code\imagesegmentation\imagesegmentation\cimgprocess.cpp(143): warning C4715: “CImgProcess::processImage”: 不是所有的控件路径都返回值
         已完成代码的生成
         ImageSegmentation.vcxproj -> E:\VS2010_Code\ImageSegmentation\Release\ImageSegmentation.exe
       Manifest:
         C:\Program Files (x86)\Microsoft SDKs\Windows\v7.0A\bin\mt.exe /nologo /verbose /outputresource:"E:\VS2010_Code\ImageSegmentation\Release\ImageSegmentation.exe;#1" /manifest Release\ImageSegmentation.exe.intermediate.manifest "C:\Program Files (x86)\Microsoft Visual Studio 10.0\VC\Include\Manifest\dpiaware.manifest"
       FinalizeBuildStatus:
         正在删除文件“Release\ImageSegmentation.unsuccessfulbuild”。
         正在对“Release\ImageSegmentation.lastbuildstate”执行 Touch 任务。
     1>已完成生成项目“E:\VS2010_Code\ImageSegmentation\ImageSegmentation\ImageSegmentation.vcxproj”(build 个目标)的操作。

生成成功。

已用时间 00:00:08.24
