E:\VS2010_Code\ImageSegmentation\Debug\ImageSegmentation.exe
E:\VS2010_CODE\IMAGESEGMENTATION\IMAGESEGMENTATION\DEBUG\CIMGPROCESS.OBJ
E:\VS2010_Code\ImageSegmentation\ImageSegmentation\Debug\cl.command.1.tlog
E:\VS2010_Code\ImageSegmentation\ImageSegmentation\Debug\CL.read.1.tlog
E:\VS2010_Code\ImageSegmentation\ImageSegmentation\Debug\CL.write.1.tlog
E:\VS2010_CODE\IMAGESEGMENTATION\IMAGESEGMENTATION\DEBUG\CVVIMAGE.OBJ
E:\VS2010_Code\ImageSegmentation\ImageSegmentation\Debug\ImageSegmentation.exe.embed.manifest
E:\VS2010_CODE\IMAGESEGMENTATION\IMAGESEGMENTATION\DEBUG\IMAGESEGMENTATION.EXE.EMBED.MANIFEST.RES
E:\VS2010_CODE\IMAGESEGMENTATION\IMAGESEGMENTATION\DEBUG\IMAGESEGMENTATION.OBJ
E:\VS2010_CODE\IMAGESEGMENTATION\IMAGESEGMENTATION\DEBUG\IMAGESEGMENTATION.PCH
E:\VS2010_CODE\IMAGESEGMENTATION\IMAGESEGMENTATION\DEBUG\IMAGESEGMENTATION.RES
E:\VS2010_Code\ImageSegmentation\ImageSegmentation\Debug\ImageSegmentation.write.1.tlog
E:\VS2010_Code\ImageSegmentation\ImageSegmentation\Debug\ImageSegmentation_manifest.rc
E:\VS2010_CODE\IMAGESEGMENTATION\IMAGESEGMENTATION\DEBUG\IMAGESEGMENTATIONDLG.OBJ
E:\VS2010_Code\ImageSegmentation\ImageSegmentation\Debug\link.command.1.tlog
E:\VS2010_Code\ImageSegmentation\ImageSegmentation\Debug\link.read.1.tlog
E:\VS2010_Code\ImageSegmentation\ImageSegmentation\Debug\link.write.1.tlog
E:\VS2010_Code\ImageSegmentation\ImageSegmentation\Debug\rc.command.1.tlog
E:\VS2010_Code\ImageSegmentation\ImageSegmentation\Debug\rc.read.1.tlog
E:\VS2010_Code\ImageSegmentation\ImageSegmentation\Debug\rc.write.1.tlog
E:\VS2010_CODE\IMAGESEGMENTATION\IMAGESEGMENTATION\DEBUG\STDAFX.OBJ
E:\VS2010_Code\ImageSegmentation\ImageSegmentation\Debug\vc100.idb
E:\VS2010_CODE\IMAGESEGMENTATION\IMAGESEGMENTATION\DEBUG\VC100.PDB
